# JRE version: OpenJDK Runtime Environment Microsoft-11933218 (21.0.8+9) (build 21.0.8+9-LTS)
# Java VM: OpenJDK 64-Bit Server VM Microsoft-11933218 (21.0.8+9-LTS, mixed mode, sharing, tiered, compressed oops, compressed class ptrs, g1 gc, windows-amd64)
GC Precious Log:
 CardTable entry size: 512
 Card Set container configuration: InlinePtr #cards 5 size 8 Array Of Cards #cards 12 size 40 Howl #buckets 4 coarsen threshold 1843 Howl Bitmap #cards 512 size 80 coarsen threshold 460 Card regions per heap region 1 cards per card region 2048
 CPUs: 4 total, 4 available
 Memory: 3858M
 Large Page Support: Disabled
 NUMA Support: Disabled
 Compressed Oops: Enabled (32-bit)
 Heap Region Size: 1M
 Heap Min Capacity: 8M
 Heap Initial Capacity: 62M
 Heap Max Capacity: 966M
 Pre-touch: Disabled
 Parallel Workers: 4
 Concurrent Workers: 1
 Concurrent Refinement Workers: 4
 Periodic GC: Disabled
Heap:
 garbage-first heap   total 51200K, used 29670K [0x00000000c3a00000, 0x0000000100000000)
  region size 1024K, 15 young (15360K), 3 survivors (3072K)
 Metaspace       used 33079K, committed 33664K, reserved 1114112K
  class space    used 4225K, committed 4480K, reserved 1048576K
GC Heap History (14 events):
Event: 4.490 GC heap before
{Heap before GC invocations=0 (full 0):
 garbage-first heap   total 63488K, used 14336K [0x00000000c3a00000, 0x0000000100000000)
  region size 1024K, 13 young (13312K), 0 survivors (0K)
 Metaspace       used 3059K, committed 3200K, reserved 1114112K
  class space    used 314K, committed 384K, reserved 1048576K
}
Event: 4.500 GC heap after
{Heap after GC invocations=1 (full 0):
 garbage-first heap   total 63488K, used 7089K [0x00000000c3a00000, 0x0000000100000000)
  region size 1024K, 2 young (2048K), 2 survivors (2048K)
 Metaspace       used 3059K, committed 3200K, reserved 1114112K
  class space    used 314K, committed 384K, reserved 1048576K
}
Event: 5.274 GC heap before
{Heap before GC invocations=1 (full 0):
 garbage-first heap   total 63488K, used 20401K [0x00000000c3a00000, 0x0000000100000000)
  region size 1024K, 15 young (15360K), 2 survivors (2048K)
 Metaspace       used 6654K, committed 6848K, reserved 1114112K
  class space    used 774K, committed 896K, reserved 1048576K
}
Event: 5.279 GC heap after
{Heap after GC invocations=2 (full 0):
 garbage-first heap   total 63488K, used 8092K [0x00000000c3a00000, 0x0000000100000000)
  region size 1024K, 1 young (1024K), 1 survivors (1024K)
 Metaspace       used 6654K, committed 6848K, reserved 1114112K
  class space    used 774K, committed 896K, reserved 1048576K
}
Event: 7.050 GC heap before
{Heap before GC invocations=2 (full 0):
 garbage-first heap   total 63488K, used 35740K [0x00000000c3a00000, 0x0000000100000000)
  region size 1024K, 29 young (29696K), 1 survivors (1024K)
 Metaspace       used 14274K, committed 14656K, reserved 1114112K
  class space    used 1756K, committed 1920K, reserved 1048576K
}
Event: 7.063 GC heap after
{Heap after GC invocations=3 (full 0):
 garbage-first heap   total 63488K, used 10806K [0x00000000c3a00000, 0x0000000100000000)
  region size 1024K, 4 young (4096K), 4 survivors (4096K)
 Metaspace       used 14274K, committed 14656K, reserved 1114112K
  class space    used 1756K, committed 1920K, reserved 1048576K
}
Event: 10.274 GC heap before
{Heap before GC invocations=3 (full 0):
 garbage-first heap   total 63488K, used 42550K [0x00000000c3a00000, 0x0000000100000000)
  region size 1024K, 36 young (36864K), 4 survivors (4096K)
 Metaspace       used 20344K, committed 20736K, reserved 1114112K
  class space    used 2513K, committed 2688K, reserved 1048576K
}
Event: 10.293 GC heap after
{Heap after GC invocations=4 (full 0):
 garbage-first heap   total 63488K, used 14225K [0x00000000c3a00000, 0x0000000100000000)
  region size 1024K, 4 young (4096K), 4 survivors (4096K)
 Metaspace       used 20344K, committed 20736K, reserved 1114112K
  class space    used 2513K, committed 2688K, reserved 1048576K
}
Event: 11.232 GC heap before
{Heap before GC invocations=4 (full 0):
 garbage-first heap   total 63488K, used 23441K [0x00000000c3a00000, 0x0000000100000000)
  region size 1024K, 14 young (14336K), 4 survivors (4096K)
 Metaspace       used 21157K, committed 21504K, reserved 1114112K
  class space    used 2625K, committed 2816K, reserved 1048576K
}
Event: 11.244 GC heap after
{Heap after GC invocations=5 (full 0):
 garbage-first heap   total 63488K, used 14588K [0x00000000c3a00000, 0x0000000100000000)
  region size 1024K, 1 young (1024K), 1 survivors (1024K)
 Metaspace       used 21157K, committed 21504K, reserved 1114112K
  class space    used 2625K, committed 2816K, reserved 1048576K
}
Event: 13.365 GC heap before
{Heap before GC invocations=6 (full 0):
 garbage-first heap   total 51200K, used 44284K [0x00000000c3a00000, 0x0000000100000000)
  region size 1024K, 30 young (30720K), 1 survivors (1024K)
 Metaspace       used 25814K, committed 26304K, reserved 1114112K
  class space    used 3263K, committed 3456K, reserved 1048576K
}
Event: 13.374 GC heap after
{Heap after GC invocations=7 (full 0):
 garbage-first heap   total 51200K, used 17116K [0x00000000c3a00000, 0x0000000100000000)
  region size 1024K, 4 young (4096K), 4 survivors (4096K)
 Metaspace       used 25814K, committed 26304K, reserved 1114112K
  class space    used 3263K, committed 3456K, reserved 1048576K
}
Event: 14.529 GC heap before
{Heap before GC invocations=7 (full 0):
 garbage-first heap   total 51200K, used 39644K [0x00000000c3a00000, 0x0000000100000000)
  region size 1024K, 27 young (27648K), 4 survivors (4096K)
 Metaspace       used 30539K, committed 31040K, reserved 1114112K
  class space    used 3885K, committed 4096K, reserved 1048576K
}
Event: 14.543 GC heap after
{Heap after GC invocations=8 (full 0):
 garbage-first heap   total 51200K, used 19430K [0x00000000c3a00000, 0x0000000100000000)
  region size 1024K, 3 young (3072K), 3 survivors (3072K)
 Metaspace       used 30539K, committed 31040K, reserved 1114112K
  class space    used 3885K, committed 4096K, reserved 1048576K
}

